Determining if the pthread_create exist failed with the following output:
Change Dir: /home/dominic/Documents/senior/Security-For-Robotics/ros_packages/malpac6/build/CMakeFiles/CMakeTmp

Run Build Command:"/usr/bin/make" "cmTC_90c8b/fast"
/usr/bin/make -f CMakeFiles/cmTC_90c8b.dir/build.make CMakeFiles/cmTC_90c8b.dir/build
make[1]: Entering directory '/home/dominic/Documents/senior/Security-For-Robotics/ros_packages/malpac6/build/CMakeFiles/CMakeTmp'
Building C object CMakeFiles/cmTC_90c8b.dir/CheckSymbolExists.c.o
/usr/bin/cc     -o CMakeFiles/cmTC_90c8b.dir/CheckSymbolExists.c.o   -c /home/dominic/Documents/senior/Security-For-Robotics/ros_packages/malpac6/build/CMakeFiles/CMakeTmp/CheckSymbolExists.c
Linking C executable cmTC_90c8b
/usr/bin/cmake -E cmake_link_script CMakeFiles/cmTC_90c8b.dir/link.txt --verbose=1
/usr/bin/cc       CMakeFiles/cmTC_90c8b.dir/CheckSymbolExists.c.o  -o cmTC_90c8b -rdynamic 
CMakeFiles/cmTC_90c8b.dir/CheckSymbolExists.c.o: In function `main':
CheckSymbolExists.c:(.text+0x16): undefined reference to `pthread_create'
collect2: error: ld returned 1 exit status
make[1]: *** [CMakeFiles/cmTC_90c8b.dir/build.make:98: cmTC_90c8b] Error 1
make[1]: Leaving directory '/home/dominic/Documents/senior/Security-For-Robotics/ros_packages/malpac6/build/CMakeFiles/CMakeTmp'
make: *** [Makefile:126: cmTC_90c8b/fast] Error 2

File /home/dominic/Documents/senior/Security-For-Robotics/ros_packages/malpac6/build/CMakeFiles/CMakeTmp/CheckSymbolExists.c:
/* */
#include <pthread.h>

int main(int argc, char** argv)
{
  (void)argv;
#ifndef pthread_create
  return ((int*)(&pthread_create))[argc];
#else
  (void)argc;
  return 0;
#endif
}

Determining if the function pthread_create exists in the pthreads failed with the following output:
Change Dir: /home/dominic/Documents/senior/Security-For-Robotics/ros_packages/malpac6/build/CMakeFiles/CMakeTmp

Run Build Command:"/usr/bin/make" "cmTC_40b50/fast"
/usr/bin/make -f CMakeFiles/cmTC_40b50.dir/build.make CMakeFiles/cmTC_40b50.dir/build
make[1]: Entering directory '/home/dominic/Documents/senior/Security-For-Robotics/ros_packages/malpac6/build/CMakeFiles/CMakeTmp'
Building C object CMakeFiles/cmTC_40b50.dir/CheckFunctionExists.c.o
/usr/bin/cc    -DCHECK_FUNCTION_EXISTS=pthread_create   -o CMakeFiles/cmTC_40b50.dir/CheckFunctionExists.c.o   -c /usr/share/cmake-3.7/Modules/CheckFunctionExists.c
Linking C executable cmTC_40b50
/usr/bin/cmake -E cmake_link_script CMakeFiles/cmTC_40b50.dir/link.txt --verbose=1
/usr/bin/cc   -DCHECK_FUNCTION_EXISTS=pthread_create    CMakeFiles/cmTC_40b50.dir/CheckFunctionExists.c.o  -o cmTC_40b50 -rdynamic -lpthreads 
/usr/bin/ld: cannot find -lpthreads
collect2: error: ld returned 1 exit status
make[1]: *** [CMakeFiles/cmTC_40b50.dir/build.make:98: cmTC_40b50] Error 1
make[1]: Leaving directory '/home/dominic/Documents/senior/Security-For-Robotics/ros_packages/malpac6/build/CMakeFiles/CMakeTmp'
make: *** [Makefile:126: cmTC_40b50/fast] Error 2


