Determining if the pthread_create exist failed with the following output:
Change Dir: /home/dominic/SP/Security-For-Robotics/malpac3/build/CMakeFiles/CMakeTmp

Run Build Command:"/usr/bin/make" "cmTC_7509f/fast"
/usr/bin/make -f CMakeFiles/cmTC_7509f.dir/build.make CMakeFiles/cmTC_7509f.dir/build
make[1]: Entering directory '/home/dominic/SP/Security-For-Robotics/malpac3/build/CMakeFiles/CMakeTmp'
Building C object CMakeFiles/cmTC_7509f.dir/CheckSymbolExists.c.o
/usr/bin/cc     -o CMakeFiles/cmTC_7509f.dir/CheckSymbolExists.c.o   -c /home/dominic/SP/Security-For-Robotics/malpac3/build/CMakeFiles/CMakeTmp/CheckSymbolExists.c
Linking C executable cmTC_7509f
/usr/bin/cmake -E cmake_link_script CMakeFiles/cmTC_7509f.dir/link.txt --verbose=1
/usr/bin/cc       CMakeFiles/cmTC_7509f.dir/CheckSymbolExists.c.o  -o cmTC_7509f -rdynamic 
CMakeFiles/cmTC_7509f.dir/CheckSymbolExists.c.o: In function `main':
CheckSymbolExists.c:(.text+0x16): undefined reference to `pthread_create'
collect2: error: ld returned 1 exit status
make[1]: *** [CMakeFiles/cmTC_7509f.dir/build.make:98: cmTC_7509f] Error 1
make[1]: Leaving directory '/home/dominic/SP/Security-For-Robotics/malpac3/build/CMakeFiles/CMakeTmp'
make: *** [Makefile:126: cmTC_7509f/fast] Error 2

File /home/dominic/SP/Security-For-Robotics/malpac3/build/CMakeFiles/CMakeTmp/CheckSymbolExists.c:
/* */
#include <pthread.h>

int main(int argc, char** argv)
{
  (void)argv;
#ifndef pthread_create
  return ((int*)(&pthread_create))[argc];
#else
  (void)argc;
  return 0;
#endif
}

Determining if the function pthread_create exists in the pthreads failed with the following output:
Change Dir: /home/dominic/SP/Security-For-Robotics/malpac3/build/CMakeFiles/CMakeTmp

Run Build Command:"/usr/bin/make" "cmTC_62a31/fast"
/usr/bin/make -f CMakeFiles/cmTC_62a31.dir/build.make CMakeFiles/cmTC_62a31.dir/build
make[1]: Entering directory '/home/dominic/SP/Security-For-Robotics/malpac3/build/CMakeFiles/CMakeTmp'
Building C object CMakeFiles/cmTC_62a31.dir/CheckFunctionExists.c.o
/usr/bin/cc    -DCHECK_FUNCTION_EXISTS=pthread_create   -o CMakeFiles/cmTC_62a31.dir/CheckFunctionExists.c.o   -c /usr/share/cmake-3.7/Modules/CheckFunctionExists.c
Linking C executable cmTC_62a31
/usr/bin/cmake -E cmake_link_script CMakeFiles/cmTC_62a31.dir/link.txt --verbose=1
/usr/bin/cc   -DCHECK_FUNCTION_EXISTS=pthread_create    CMakeFiles/cmTC_62a31.dir/CheckFunctionExists.c.o  -o cmTC_62a31 -rdynamic -lpthreads 
/usr/bin/ld: cannot find -lpthreads
collect2: error: ld returned 1 exit status
make[1]: *** [CMakeFiles/cmTC_62a31.dir/build.make:98: cmTC_62a31] Error 1
make[1]: Leaving directory '/home/dominic/SP/Security-For-Robotics/malpac3/build/CMakeFiles/CMakeTmp'
make: *** [Makefile:126: cmTC_62a31/fast] Error 2


